2021-12-06--211633 Backup no realizado ,no continuar
2021-12-06--211633 #############################################################################
2021-12-06--211633 #                                                                           #
2021-12-06--211633 #       .-.-------.__  __ __                                _.-^-._    .--. #
2021-12-06--211633 #      (_,         .-:-  -  --._                         .--   _   --. |__| #
2021-12-06--211633 #    ,-o-(        (_,           )                       /     |_|   \|   | #
2021-12-06--211633 #   (__,-       ,-o-(            )>                    /             \   | #
2021-12-06--211633 #      (       (__,-             )                    /|     _____    \  | #
2021-12-06--211633 #       ---._.--._(             )                      |    |==|==|    |  | #
2021-12-06--211633 #          |||  |||---._.--._.--        |--|--|--|--|--|    |--|--|    |  | #
2021-12-06--211633 # ^^^^^^^^^^          |||  |||          |--|--|--|--|--|    |==|==|    |  | #
2021-12-06--211633 #^^^^^^^^^^^^^^^^^^^^^^^^^^^^^^^^^^^^^^^^^^^^^^^^^^^^^^^^^^^^^^^^^^^^^^^^^^^#
2021-12-06--211633 #############################################################################
2021-12-06--211721 Backup no realizado ,no continuar
2021-12-06--211721 #############################################################################
2021-12-06--211721 #                                                                           #
2021-12-06--211721 #       .-.-------.__  __ __                                _.-^-._    .--. #
2021-12-06--211721 #      (_,         .-:-  -  --._                         .--   _   --. |__| #
2021-12-06--211721 #    ,-o-(        (_,           )                       /     |_|   \|   | #
2021-12-06--211721 #   (__,-       ,-o-(            )>                    /             \   | #
2021-12-06--211721 #      (       (__,-             )                    /|     _____    \  | #
2021-12-06--211721 #       ---._.--._(             )                      |    |==|==|    |  | #
2021-12-06--211721 #          |||  |||---._.--._.--        |--|--|--|--|--|    |--|--|    |  | #
2021-12-06--211721 # ^^^^^^^^^^          |||  |||          |--|--|--|--|--|    |==|==|    |  | #
2021-12-06--211721 #^^^^^^^^^^^^^^^^^^^^^^^^^^^^^^^^^^^^^^^^^^^^^^^^^^^^^^^^^^^^^^^^^^^^^^^^^^^#
2021-12-06--211721 #############################################################################
2021-12-06--211827 Backup no realizado ,no continuar
2021-12-06--211827 #############################################################################
2021-12-06--211827 #                                                                           #
2021-12-06--211827 #       .-.-------.__  __ __                                _.-^-._    .--. #
2021-12-06--211827 #      (_,         .-:-  -  --._                         .--   _   --. |__| #
2021-12-06--211827 #    ,-o-(        (_,           )                       /     |_|   \|   | #
2021-12-06--211827 #   (__,-       ,-o-(            )>                    /             \   | #
2021-12-06--211827 #      (       (__,-             )                    /|     _____    \  | #
2021-12-06--211827 #       ---._.--._(             )                      |    |==|==|    |  | #
2021-12-06--211827 #          |||  |||---._.--._.--        |--|--|--|--|--|    |--|--|    |  | #
2021-12-06--211827 # ^^^^^^^^^^          |||  |||          |--|--|--|--|--|    |==|==|    |  | #
2021-12-06--211827 #^^^^^^^^^^^^^^^^^^^^^^^^^^^^^^^^^^^^^^^^^^^^^^^^^^^^^^^^^^^^^^^^^^^^^^^^^^^#
2021-12-06--211827 #############################################################################
2021-12-06--215642 Backup no realizado ,no continuar
2021-12-06--215642 #############################################################################
2021-12-06--215642 #                                                                           #
2021-12-06--215642 #       .-.-------.__  __ __                                _.-^-._    .--. #
2021-12-06--215642 #      (_,         .-:-  -  --._                         .--   _   --. |__| #
2021-12-06--215642 #    ,-o-(        (_,           )                       /     |_|   \|   | #
2021-12-06--215642 #   (__,-       ,-o-(            )>                    /             \   | #
2021-12-06--215642 #      (       (__,-             )                    /|     _____    \  | #
2021-12-06--215642 #       ---._.--._(             )                      |    |==|==|    |  | #
2021-12-06--215642 #          |||  |||---._.--._.--        |--|--|--|--|--|    |--|--|    |  | #
2021-12-06--215642 # ^^^^^^^^^^          |||  |||          |--|--|--|--|--|    |==|==|    |  | #
2021-12-06--215642 #^^^^^^^^^^^^^^^^^^^^^^^^^^^^^^^^^^^^^^^^^^^^^^^^^^^^^^^^^^^^^^^^^^^^^^^^^^^#
2021-12-06--215642 #############################################################################
2021-12-06--215747 Backup no realizado ,no continuar
2021-12-06--215747 #############################################################################
2021-12-06--215747 #                                                                           #
2021-12-06--215747 #       .-.-------.__  __ __                                _.-^-._    .--. #
2021-12-06--215747 #      (_,         .-:-  -  --._                         .--   _   --. |__| #
2021-12-06--215747 #    ,-o-(        (_,           )                       /     |_|   \|   | #
2021-12-06--215747 #   (__,-       ,-o-(            )>                    /             \   | #
2021-12-06--215747 #      (       (__,-             )                    /|     _____    \  | #
2021-12-06--215747 #       ---._.--._(             )                      |    |==|==|    |  | #
2021-12-06--215747 #          |||  |||---._.--._.--        |--|--|--|--|--|    |--|--|    |  | #
2021-12-06--215747 # ^^^^^^^^^^          |||  |||          |--|--|--|--|--|    |==|==|    |  | #
2021-12-06--215747 #^^^^^^^^^^^^^^^^^^^^^^^^^^^^^^^^^^^^^^^^^^^^^^^^^^^^^^^^^^^^^^^^^^^^^^^^^^^#
2021-12-06--215747 #############################################################################
2021-12-06--220109 Backup no realizado ,no continuar
2021-12-06--220109 #############################################################################
2021-12-06--220109 #                                                                           #
2021-12-06--220109 #       .-.-------.__  __ __                                _.-^-._    .--. #
2021-12-06--220109 #      (_,         .-:-  -  --._                         .--   _   --. |__| #
2021-12-06--220109 #    ,-o-(        (_,           )                       /     |_|   \|   | #
2021-12-06--220109 #   (__,-       ,-o-(            )>                    /             \   | #
2021-12-06--220109 #      (       (__,-             )                    /|     _____    \  | #
2021-12-06--220109 #       ---._.--._(             )                      |    |==|==|    |  | #
2021-12-06--220109 #          |||  |||---._.--._.--        |--|--|--|--|--|    |--|--|    |  | #
2021-12-06--220109 # ^^^^^^^^^^          |||  |||          |--|--|--|--|--|    |==|==|    |  | #
2021-12-06--220109 #^^^^^^^^^^^^^^^^^^^^^^^^^^^^^^^^^^^^^^^^^^^^^^^^^^^^^^^^^^^^^^^^^^^^^^^^^^^#
2021-12-06--220109 #############################################################################
2021-12-06--220141 Backup no realizado ,no continuar
2021-12-06--220141 #############################################################################
2021-12-06--220141 #                                                                           #
2021-12-06--220141 #       .-.-------.__  __ __                                _.-^-._    .--. #
2021-12-06--220141 #      (_,         .-:-  -  --._                         .--   _   --. |__| #
2021-12-06--220141 #    ,-o-(        (_,           )                       /     |_|   \|   | #
2021-12-06--220141 #   (__,-       ,-o-(            )>                    /             \   | #
2021-12-06--220141 #      (       (__,-             )                    /|     _____    \  | #
2021-12-06--220141 #       ---._.--._(             )                      |    |==|==|    |  | #
2021-12-06--220141 #          |||  |||---._.--._.--        |--|--|--|--|--|    |--|--|    |  | #
2021-12-06--220141 # ^^^^^^^^^^          |||  |||          |--|--|--|--|--|    |==|==|    |  | #
2021-12-06--220141 #^^^^^^^^^^^^^^^^^^^^^^^^^^^^^^^^^^^^^^^^^^^^^^^^^^^^^^^^^^^^^^^^^^^^^^^^^^^#
2021-12-06--220141 #############################################################################
2021-12-06--220317 Backup no realizado ,no continuar
2021-12-06--220317 #############################################################################
2021-12-06--220317 #                                                                           #
2021-12-06--220317 #       .-.-------.__  __ __                                _.-^-._    .--. #
2021-12-06--220317 #      (_,         .-:-  -  --._                         .--   _   --. |__| #
2021-12-06--220317 #    ,-o-(        (_,           )                       /     |_|   \|   | #
2021-12-06--220317 #   (__,-       ,-o-(            )>                    /             \   | #
2021-12-06--220317 #      (       (__,-             )                    /|     _____    \  | #
2021-12-06--220317 #       ---._.--._(             )                      |    |==|==|    |  | #
2021-12-06--220317 #          |||  |||---._.--._.--        |--|--|--|--|--|    |--|--|    |  | #
2021-12-06--220317 # ^^^^^^^^^^          |||  |||          |--|--|--|--|--|    |==|==|    |  | #
2021-12-06--220317 #^^^^^^^^^^^^^^^^^^^^^^^^^^^^^^^^^^^^^^^^^^^^^^^^^^^^^^^^^^^^^^^^^^^^^^^^^^^#
2021-12-06--220317 #############################################################################
2021-12-06--220412 Backup no realizado ,no continuar
2021-12-06--220412 #############################################################################
2021-12-06--220412 #                                                                           #
2021-12-06--220412 #       .-.-------.__  __ __                                _.-^-._    .--. #
2021-12-06--220412 #      (_,         .-:-  -  --._                         .--   _   --. |__| #
2021-12-06--220412 #    ,-o-(        (_,           )                       /     |_|   \|   | #
2021-12-06--220412 #   (__,-       ,-o-(            )>                    /             \   | #
2021-12-06--220412 #      (       (__,-             )                    /|     _____    \  | #
2021-12-06--220412 #       ---._.--._(             )                      |    |==|==|    |  | #
2021-12-06--220412 #          |||  |||---._.--._.--        |--|--|--|--|--|    |--|--|    |  | #
2021-12-06--220412 # ^^^^^^^^^^          |||  |||          |--|--|--|--|--|    |==|==|    |  | #
2021-12-06--220412 #^^^^^^^^^^^^^^^^^^^^^^^^^^^^^^^^^^^^^^^^^^^^^^^^^^^^^^^^^^^^^^^^^^^^^^^^^^^#
2021-12-06--220412 #############################################################################
2021-12-06--220505 Backup no realizado ,no continuar
2021-12-06--220505 #############################################################################
2021-12-06--220505 #                                                                           #
2021-12-06--220505 #       .-.-------.__  __ __                                _.-^-._    .--. #
2021-12-06--220505 #      (_,         .-:-  -  --._                         .--   _   --. |__| #
2021-12-06--220505 #    ,-o-(        (_,           )                       /     |_|   \|   | #
2021-12-06--220505 #   (__,-       ,-o-(            )>                    /             \   | #
2021-12-06--220505 #      (       (__,-             )                    /|     _____    \  | #
2021-12-06--220505 #       ---._.--._(             )                      |    |==|==|    |  | #
2021-12-06--220505 #          |||  |||---._.--._.--        |--|--|--|--|--|    |--|--|    |  | #
2021-12-06--220505 # ^^^^^^^^^^          |||  |||          |--|--|--|--|--|    |==|==|    |  | #
2021-12-06--220505 #^^^^^^^^^^^^^^^^^^^^^^^^^^^^^^^^^^^^^^^^^^^^^^^^^^^^^^^^^^^^^^^^^^^^^^^^^^^#
2021-12-06--220505 #############################################################################
2021-12-06--220548 Backup no realizado ,no continuar
2021-12-06--220548 #############################################################################
2021-12-06--220548 #                                                                           #
2021-12-06--220548 #       .-.-------.__  __ __                                _.-^-._    .--. #
2021-12-06--220548 #      (_,         .-:-  -  --._                         .--   _   --. |__| #
2021-12-06--220548 #    ,-o-(        (_,           )                       /     |_|   \|   | #
2021-12-06--220548 #   (__,-       ,-o-(            )>                    /             \   | #
2021-12-06--220548 #      (       (__,-             )                    /|     _____    \  | #
2021-12-06--220548 #       ---._.--._(             )                      |    |==|==|    |  | #
2021-12-06--220548 #          |||  |||---._.--._.--        |--|--|--|--|--|    |--|--|    |  | #
2021-12-06--220548 # ^^^^^^^^^^          |||  |||          |--|--|--|--|--|    |==|==|    |  | #
2021-12-06--220548 #^^^^^^^^^^^^^^^^^^^^^^^^^^^^^^^^^^^^^^^^^^^^^^^^^^^^^^^^^^^^^^^^^^^^^^^^^^^#
2021-12-06--220548 #############################################################################
