2021-12-06--211633 #############################################################################
2021-12-06--211633 #                                                                           #
2021-12-06--211633 #                 D  E  P  L  O  Y      W  D  E                             #
2021-12-06--211633 #                                                                           #
2021-12-06--211633 #############################################################################
2021-12-06--211633 # Desarrollado por: Juan Emilio Maydup            (TM) 2021-12-06--211633 #
2021-12-06--211633 #############################################################################
2021-12-06--211633 Este servidor no tiene ClickOnce de PIC
2021-12-06--211633 
2021-12-06--211633 Iniciando Backup...
2021-12-06--211633 # moviendo desde /var/www/html//var/www/html/InteractionWorkspace_007/ a /opt/genesys/Historico//var/www/html/InteractionWorkspace_007/20211206
2021-12-06--211721 #############################################################################
2021-12-06--211721 #                                                                           #
2021-12-06--211721 #                 D  E  P  L  O  Y      W  D  E                             #
2021-12-06--211721 #                                                                           #
2021-12-06--211721 #############################################################################
2021-12-06--211721 # Desarrollado por: Juan Emilio Maydup            (TM) 2021-12-06--211721 #
2021-12-06--211721 #############################################################################
2021-12-06--211721 Este servidor no tiene ClickOnce de PIC
2021-12-06--211721 
2021-12-06--211721 Iniciando Backup...
2021-12-06--211721 # moviendo desde /var/www/html//var/www/html/InteractionWorkspace_007/ a /opt/genesys/Historico//var/www/html/InteractionWorkspace_007/20211206
2021-12-06--211827 #############################################################################
2021-12-06--211827 #                                                                           #
2021-12-06--211827 #                 D  E  P  L  O  Y      W  D  E                             #
2021-12-06--211827 #                                                                           #
2021-12-06--211827 #############################################################################
2021-12-06--211827 # Desarrollado por: Juan Emilio Maydup            (TM) 2021-12-06--211827 #
2021-12-06--211827 #############################################################################
2021-12-06--211827 Este servidor no tiene ClickOnce de PIC
2021-12-06--211827 
2021-12-06--211827 Iniciando Backup...
2021-12-06--211827 # moviendo desde /var/www/html//var/www/html/InteractionWorkspace_007/ a /opt/genesys/Historico//var/www/html/InteractionWorkspace_007/20211206
2021-12-06--215642 #############################################################################
2021-12-06--215642 #                                                                           #
2021-12-06--215642 #                 D  E  P  L  O  Y      W  D  E                             #
2021-12-06--215642 #                                                                           #
2021-12-06--215642 #############################################################################
2021-12-06--215642 # Desarrollado por: Juan Emilio Maydup            (TM) 2021-12-06--215642 #
2021-12-06--215642 #############################################################################
2021-12-06--215642 Este servidor no tiene ClickOnce de PIC
2021-12-06--215642 
2021-12-06--215642 Iniciando Backup...
2021-12-06--215642 # moviendo desde /var/www/html//var/www/html/InteractionWorkspace_007 a /opt/genesys/Historico//var/www/html/InteractionWorkspace_00720211206
2021-12-06--215747 #############################################################################
2021-12-06--215747 #                                                                           #
2021-12-06--215747 #                 D  E  P  L  O  Y      W  D  E                             #
2021-12-06--215747 #                                                                           #
2021-12-06--215747 #############################################################################
2021-12-06--215747 # Desarrollado por: Juan Emilio Maydup            (TM) 2021-12-06--215747 #
2021-12-06--215747 #############################################################################
2021-12-06--215747 Este servidor no tiene ClickOnce de PIC
2021-12-06--215747 
2021-12-06--215747 Iniciando Backup...
2021-12-06--215747 # moviendo desde /var/www/html//var/www/html/InteractionWorkspace_007 a /opt/genesys/Historico//var/www/html/InteractionWorkspace_00720211206
2021-12-06--220109 #############################################################################
2021-12-06--220109 #                                                                           #
2021-12-06--220109 #                 D  E  P  L  O  Y      W  D  E                             #
2021-12-06--220109 #                                                                           #
2021-12-06--220109 #############################################################################
2021-12-06--220109 # Desarrollado por: Juan Emilio Maydup            (TM) 2021-12-06--220109 #
2021-12-06--220109 #############################################################################
2021-12-06--220109 Este servidor no tiene ClickOnce de PIC
2021-12-06--220109 
2021-12-06--220109 Iniciando Backup...
2021-12-06--220109 # moviendo desde /var/www/html//var/www/html/InteractionWorkspace_007 a /opt/genesys/Historico//var/www/html/InteractionWorkspace_00720211206
2021-12-06--220141 #############################################################################
2021-12-06--220141 #                                                                           #
2021-12-06--220141 #                 D  E  P  L  O  Y      W  D  E                             #
2021-12-06--220141 #                                                                           #
2021-12-06--220141 #############################################################################
2021-12-06--220141 # Desarrollado por: Juan Emilio Maydup            (TM) 2021-12-06--220141 #
2021-12-06--220141 #############################################################################
2021-12-06--220141 Este servidor no tiene ClickOnce de PIC
2021-12-06--220141 
2021-12-06--220141 Iniciando Backup...
2021-12-06--220141 # moviendo desde /var/www/html//var/www/html/InteractionWorkspace_007 a /opt/genesys/Historico//var/www/html/InteractionWorkspace_00720211206
2021-12-06--220317 #############################################################################
2021-12-06--220317 #                                                                           #
2021-12-06--220317 #                 D  E  P  L  O  Y      W  D  E                             #
2021-12-06--220317 #                                                                           #
2021-12-06--220317 #############################################################################
2021-12-06--220317 # Desarrollado por: Juan Emilio Maydup            (TM) 2021-12-06--220317 #
2021-12-06--220317 #############################################################################
2021-12-06--220317 Este servidor tiene ClickOnce de PIC
2021-12-06--220317 Se puede realizar la copia de seguridad
2021-12-06--220317 Iniciando Backup...
2021-12-06--220317 # moviendo desde /var/www/html/InteractionWorkspace_007 a /opt/genesys/Historico/InteractionWorkspace_00720211206
2021-12-06--220412 #############################################################################
2021-12-06--220412 #                                                                           #
2021-12-06--220412 #                 D  E  P  L  O  Y      W  D  E                             #
2021-12-06--220412 #                                                                           #
2021-12-06--220412 #############################################################################
2021-12-06--220412 # Desarrollado por: Juan Emilio Maydup            (TM) 2021-12-06--220412 #
2021-12-06--220412 #############################################################################
2021-12-06--220412 Este servidor tiene ClickOnce de PIC
2021-12-06--220412 Se puede realizar la copia de seguridad
2021-12-06--220412 Iniciando Backup...
2021-12-06--220412 # moviendo desde /var/www/html/InteractionWorkspace_007 a /opt/genesys/Historico/InteractionWorkspace_00720211206
2021-12-06--220505 #############################################################################
2021-12-06--220505 #                                                                           #
2021-12-06--220505 #                 D  E  P  L  O  Y      W  D  E                             #
2021-12-06--220505 #                                                                           #
2021-12-06--220505 #############################################################################
2021-12-06--220505 # Desarrollado por: Juan Emilio Maydup            (TM) 2021-12-06--220505 #
2021-12-06--220505 #############################################################################
2021-12-06--220505 Este servidor tiene ClickOnce de PIC
2021-12-06--220505 Se puede realizar la copia de seguridad
2021-12-06--220505 Iniciando Backup...
2021-12-06--220505 # moviendo desde /var/www/html/InteractionWorkspace_007 a /opt/genesys/Historico/InteractionWorkspace_00720211206
2021-12-06--220548 #############################################################################
2021-12-06--220548 #                                                                           #
2021-12-06--220548 #                 D  E  P  L  O  Y      W  D  E                             #
2021-12-06--220548 #                                                                           #
2021-12-06--220548 #############################################################################
2021-12-06--220548 # Desarrollado por: Juan Emilio Maydup            (TM) 2021-12-06--220548 #
2021-12-06--220548 #############################################################################
2021-12-06--220548 Este servidor tiene ClickOnce de PIC
2021-12-06--220548 Se puede realizar la copia de seguridad
2021-12-06--220548 Iniciando Backup...
2021-12-06--220548 # moviendo desde /var/www/html/InteractionWorkspace_007 a /opt/genesys/Historico/InteractionWorkspace_00720211206
