2021-12-06--131159 #############################################################################
2021-12-06--131159 #                                                                           #
2021-12-06--131159 #                 D  E  P  L  O  Y      W  D  E                             #
2021-12-06--131159 #                                                                           #
2021-12-06--131159 #############################################################################
2021-12-06--131159 # Desarrollado por: Juan Emilio Maydup            (TM) 2021-12-06--131159 #
2021-12-06--131159 #############################################################################
2021-12-06--131202 # Copiado al plpicpacapp13 en duracion: 0 horas 0 minutos 3 segundos #
2021-12-06--131206 # Copiado al plpicpacapp14 en duracion: 0 horas 0 minutos 4 segundos #
2021-12-06--131210 # Copiado al plpicpacapp15 en duracion: 0 horas 0 minutos 4 segundos #
2021-12-06--131214 # Copiado al plpicpacapp16 en duracion: 0 horas 0 minutos 4 segundos #
2021-12-06--131218 # Copiado al plpicpacapp17 en duracion: 0 horas 0 minutos 4 segundos #
2021-12-06--131222 # Copiado al plpicpacapp18 en duracion: 0 horas 0 minutos 4 segundos #
2021-12-06--131226 # Copiado al plpicpacapp19 en duracion: 0 horas 0 minutos 4 segundos #
2021-12-06--131229 # Copiado al plpicpacapp20 en duracion: 0 horas 0 minutos 3 segundos #
2021-12-06--131233 # Copiado al plpicpacapp21 en duracion: 0 horas 0 minutos 4 segundos #
2021-12-06--131237 # Copiado al plpicpacapp22 en duracion: 0 horas 0 minutos 3 segundos #
2021-12-06--131241 # Copiado al plpicpacapp23 en duracion: 0 horas 0 minutos 4 segundos #
2021-12-06--131244 # Copiado al plpicpacapp24 en duracion: 0 horas 0 minutos 3 segundos #
2021-12-06--131248 # Copiado al plpicpacapp25 en duracion: 0 horas 0 minutos 4 segundos #
2021-12-06--131252 # Copiado al plpicpacapp26 en duracion: 0 horas 0 minutos 4 segundos #
2021-12-06--131256 # Copiado al plpicpacapp27 en duracion: 0 horas 0 minutos 4 segundos #
2021-12-06--131300 # Copiado al plpicpacapp28 en duracion: 0 horas 0 minutos 4 segundos #
2021-12-06--131303 # Copiado al plpicpacapp29 en duracion: 0 horas 0 minutos 3 segundos #
2021-12-06--131307 # Copiado al plpicpacapp30 en duracion: 0 horas 0 minutos 4 segundos #
2021-12-06--131311 # Copiado al plpicestapp13 en duracion: 0 horas 0 minutos 4 segundos #
2021-12-06--131314 # Copiado al plpicestapp14 en duracion: 0 horas 0 minutos 3 segundos #
2021-12-06--131319 # Copiado al plpicestapp15 en duracion: 0 horas 0 minutos 5 segundos #
2021-12-06--131323 # Copiado al plpicestapp16 en duracion: 0 horas 0 minutos 4 segundos #
2021-12-06--131327 # Copiado al plpicestapp17 en duracion: 0 horas 0 minutos 4 segundos #
2021-12-06--131331 # Copiado al plpicestapp18 en duracion: 0 horas 0 minutos 4 segundos #
2021-12-06--131335 # Copiado al plpicestapp19 en duracion: 0 horas 0 minutos 4 segundos #
2021-12-06--131339 # Copiado al plpicestapp20 en duracion: 0 horas 0 minutos 4 segundos #
2021-12-06--131344 # Copiado al plpicestapp21 en duracion: 0 horas 0 minutos 4 segundos #
2021-12-06--131347 # Copiado al plpicestapp22 en duracion: 0 horas 0 minutos 3 segundos #
2021-12-06--131352 # Copiado al plpicestapp23 en duracion: 0 horas 0 minutos 5 segundos #
2021-12-06--131356 # Copiado al plpicestapp24 en duracion: 0 horas 0 minutos 4 segundos #
2021-12-06--131359 # Copiado al plpicestapp25 en duracion: 0 horas 0 minutos 3 segundos #
2021-12-06--131403 # Copiado al plpicestapp26 en duracion: 0 horas 0 minutos 4 segundos #
2021-12-06--131407 # Copiado al plpicestapp27 en duracion: 0 horas 0 minutos 4 segundos #
2021-12-06--131411 # Copiado al plpicestapp28 en duracion: 0 horas 0 minutos 4 segundos #
2021-12-06--131415 # Copiado al plpicestapp29 en duracion: 0 horas 0 minutos 4 segundos #
2021-12-06--131418 # Copiado al plpicestapp30 en duracion: 0 horas 0 minutos 3 segundos #
2021-12-06--131418 # Copiado a todos los host, Duracion Total: 0 horas 2 minutos 19 segundos #
2021-12-06--131418 #############################################################################
2021-12-06--131418 #                                                                           #
2021-12-06--131418 #       .-.-------.__  __ __                                _.-^-._    .--. #
2021-12-06--131418 #      (_,         .-:-  -  --._                         .--   _   --. |__| #
2021-12-06--131418 #    ,-o-(        (_,           )                       /     |_|   \|    | #
2021-12-06--131418 #   (__,-       ,-o-(            )>                    /             \    | #
2021-12-06--131418 #      (       (__,-             )                    /|     _____    \   | #
2021-12-06--131418 #       ---._.--._(             )                      |    |==|==|    |  | #
2021-12-06--131418 #          |||  |||---._.--._.--        |--|--|--|--|--|    |--|--|    |  | #
2021-12-06--131418 # ^^^^^^^^^^          |||  |||          |--|--|--|--|--|    |==|==|    |  | #
2021-12-06--131418 #^^^^^^^^^^^^^^^^^^^^^^^^^^^^^^^^^^^^^^^^^^^^^^^^^^^^^^^^^^^^^^^^^^^^^^^^^^^#
2021-12-06--131418 #############################################################################
